d:\projects\visualstudio\vulkan\vulkanpractice\vulkanpractice\x64\debug\vc143.pdb
d:\projects\visualstudio\vulkan\vulkanpractice\vulkanpractice\x64\debug\vc143.idb
d:\projects\visualstudio\vulkan\vulkanpractice\vulkanpractice\x64\debug\initializewindow.obj
d:\projects\visualstudio\vulkan\vulkanpractice\vulkanpractice\x64\debug\globalstate.obj
d:\projects\visualstudio\vulkan\vulkanpractice\vulkanpractice\x64\debug\engine.obj
d:\projects\visualstudio\vulkan\vulkanpractice\vulkanpractice\x64\debug\createtexture.obj
d:\projects\visualstudio\vulkan\vulkanpractice\vulkanpractice\x64\debug\createsyncobjects.obj
d:\projects\visualstudio\vulkan\vulkanpractice\vulkanpractice\x64\debug\createsurface.obj
d:\projects\visualstudio\vulkan\vulkanpractice\vulkanpractice\x64\debug\createresources.obj
d:\projects\visualstudio\vulkan\vulkanpractice\vulkanpractice\x64\debug\createrenderpass.obj
d:\projects\visualstudio\vulkan\vulkanpractice\vulkanpractice\x64\debug\createlogicaldevice.obj
d:\projects\visualstudio\vulkan\vulkanpractice\vulkanpractice\x64\debug\createinstance.obj
d:\projects\visualstudio\vulkan\vulkanpractice\vulkanpractice\x64\debug\createimageviews.obj
d:\projects\visualstudio\vulkan\vulkanpractice\vulkanpractice\x64\debug\creategraphicspipeline.obj
d:\projects\visualstudio\vulkan\vulkanpractice\vulkanpractice\x64\debug\createframebuffers.obj
d:\projects\visualstudio\vulkan\vulkanpractice\vulkanpractice\x64\debug\createdescriptorsets.obj
d:\projects\visualstudio\vulkan\vulkanpractice\vulkanpractice\x64\debug\createdescriptorsetlayout.obj
d:\projects\visualstudio\vulkan\vulkanpractice\vulkanpractice\x64\debug\createcommandpool.obj
d:\projects\visualstudio\vulkan\vulkanpractice\vulkanpractice\x64\debug\createcommandbuffer.obj
d:\projects\visualstudio\vulkan\vulkanpractice\vulkanpractice\x64\debug\createbuffer.obj
d:\projects\visualstudio\vulkan\vulkanpractice\vulkanpractice\x64\debug\camera.obj
d:\projects\visualstudio\vulkan\vulkanpractice\vulkanpractice\x64\debug\vertex.obj
d:\projects\visualstudio\vulkan\vulkanpractice\vulkanpractice\x64\debug\validationlayers.obj
d:\projects\visualstudio\vulkan\vulkanpractice\vulkanpractice\x64\debug\uniformbufferobject.obj
d:\projects\visualstudio\vulkan\vulkanpractice\vulkanpractice\x64\debug\swapchainsupportdetails.obj
d:\projects\visualstudio\vulkan\vulkanpractice\vulkanpractice\x64\debug\swapchain.obj
d:\projects\visualstudio\vulkan\vulkanpractice\vulkanpractice\x64\debug\queuefamilies.obj
d:\projects\visualstudio\vulkan\vulkanpractice\vulkanpractice\x64\debug\pickphysicaldevice.obj
d:\projects\visualstudio\vulkan\vulkanpractice\vulkanpractice\x64\debug\main.obj
d:\projects\visualstudio\vulkan\vulkanpractice\vulkanpractice\x64\debug\loadmodel.obj
d:\projects\visualstudio\vulkan\vulkanpractice\x64\debug\vulkanpractice.exe
d:\projects\visualstudio\vulkan\vulkanpractice\x64\debug\vulkanpractice.pdb
d:\projects\visualstudio\vulkan\vulkanpractice\vulkanpractice\x64\debug\vulkanpractice.ilk
d:\projects\visualstudio\vulkan\vulkanpractice\vulkanpractice\x64\debug\vulkanpractice.tlog\cl.command.1.tlog
d:\projects\visualstudio\vulkan\vulkanpractice\vulkanpractice\x64\debug\vulkanpractice.tlog\cl.items.tlog
d:\projects\visualstudio\vulkan\vulkanpractice\vulkanpractice\x64\debug\vulkanpractice.tlog\cl.read.1.tlog
d:\projects\visualstudio\vulkan\vulkanpractice\vulkanpractice\x64\debug\vulkanpractice.tlog\cl.write.1.tlog
d:\projects\visualstudio\vulkan\vulkanpractice\vulkanpractice\x64\debug\vulkanpractice.tlog\link.command.1.tlog
d:\projects\visualstudio\vulkan\vulkanpractice\vulkanpractice\x64\debug\vulkanpractice.tlog\link.read.1.tlog
d:\projects\visualstudio\vulkan\vulkanpractice\vulkanpractice\x64\debug\vulkanpractice.tlog\link.secondary.1.tlog
d:\projects\visualstudio\vulkan\vulkanpractice\vulkanpractice\x64\debug\vulkanpractice.tlog\link.write.1.tlog
