  Camera.cpp
D:\Projects\VisualStudio\Vulkan\VulkanPractice\VulkanPractice\Camera.cpp(29,16): warning C4244: 'initializing': conversion from 'double' to 'float', possible loss of data
D:\Projects\VisualStudio\Vulkan\VulkanPractice\VulkanPractice\Camera.cpp(30,16): warning C4244: 'initializing': conversion from 'double' to 'float', possible loss of data
  CreateBuffer.cpp
  CreateCommandBuffer.cpp
  CreateCommandPool.cpp
  CreateDescriptorSetLayout.cpp
  CreateDescriptorSets.cpp
  CreateFrameBuffers.cpp
  CreateGraphicsPipeline.cpp
  CreateImageViews.cpp
  CreateInstance.cpp
  CreateLogicalDevice.cpp
  CreateRenderPass.cpp
  CreateResources.cpp
  CreateSurface.cpp
  CreateSyncObjects.cpp
  CreateTexture.cpp
  Engine.cpp
  Engine.hpp
  GlobalState.cpp
  InitializeWindow.cpp
  Generating Code...
  Compiling...
  LoadModel.cpp
  main.cpp
  PickPhysicalDevice.cpp
  QueueFamilies.cpp
  SwapChain.cpp
  SwapChainSupportDetails.cpp
  UniformBufferObject.cpp
  ValidationLayers.cpp
  Vertex.cpp
  Generating Code...
x64\Debug\Engine.obj : warning LNK4042: object specified more than once; extras ignored
LINK : warning LNK4098: defaultlib 'MSVCRT' conflicts with use of other libs; use /NODEFAULTLIB:library
  VulkanPractice.vcxproj -> D:\Projects\VisualStudio\Vulkan\VulkanPractice\x64\Debug\VulkanPractice.exe
